UMMalibu/build/outputs/logs/manifest-merger-release-report.txt
-- Merging decision tree log ---
manifest
ADDED from Parse-Starter-Project-1.8.0/UMMalibu/AndroidManifest.xml:2:1-193:12
	xmlns:android
		ADDED from Parse-Starter-Project-1.8.0/UMMalibu/AndroidManifest.xml:2:11-69
	package
		ADDED from Parse-Starter-Project-1.8.0/UMMalibu/AndroidManifest.xml:3:5-33
	android:versionName
		ADDED from Parse-Starter-Project-1.8.0/UMMalibu/AndroidManifest.xml:5:5-30
	android:versionCode
		ADDED from Parse-Starter-Project-1.8.0/UMMalibu/AndroidManifest.xml:4:5-28
		INJECTED from Parse-Starter-Project-1.8.0/UMMalibu/AndroidManifest.xml
		INJECTED from Parse-Starter-Project-1.8.0/UMMalibu/AndroidManifest.xml
uses-sdk
ADDED from Parse-Starter-Project-1.8.0/UMMalibu/AndroidManifest.xml:7:5-9:41
MERGED from [com.android.support:appcompat-v7:23.1.0] AndroidManifest.xml:20:5-43
MERGED from [com.android.support:support-v4:23.1.0] AndroidManifest.xml:20:5-43
MERGED from [com.android.support:support-v4:23.1.0] AndroidManifest.xml:20:5-43
MERGED from [com.android.support:cardview-v7:23.1.0] AndroidManifest.xml:20:5-43
MERGED from [com.android.support:recyclerview-v7:23.1.0] AndroidManifest.xml:20:5-43
MERGED from [com.android.support:support-v4:23.1.0] AndroidManifest.xml:20:5-43
MERGED from [com.android.support:design:23.1.0] AndroidManifest.xml:20:5-43
MERGED from [com.android.support:appcompat-v7:23.1.0] AndroidManifest.xml:20:5-43
MERGED from [com.android.support:support-v4:23.1.0] AndroidManifest.xml:20:5-43
MERGED from [com.android.support:recyclerview-v7:23.1.0] AndroidManifest.xml:20:5-43
MERGED from [com.android.support:support-v4:23.1.0] AndroidManifest.xml:20:5-43
MERGED from [com.android.support:support-v4:23.1.0] AndroidManifest.xml:20:5-43
MERGED from [com.google.android.gms:play-services-gcm:8.1.0] AndroidManifest.xml:18:5-42
MERGED from [com.google.android.gms:play-services-base:8.1.0] AndroidManifest.xml:18:5-42
MERGED from [com.google.android.gms:play-services-basement:8.1.0] AndroidManifest.xml:18:5-42
MERGED from [com.android.support:support-v4:23.1.0] AndroidManifest.xml:20:5-43
MERGED from [com.google.android.gms:play-services-maps:8.1.0] AndroidManifest.xml:27:5-42
MERGED from [com.google.android.gms:play-services-base:8.1.0] AndroidManifest.xml:18:5-42
MERGED from [com.google.android.gms:play-services-basement:8.1.0] AndroidManifest.xml:18:5-42
MERGED from [com.android.support:support-v4:23.1.0] AndroidManifest.xml:20:5-43
MERGED from [de.hdodenhof:circleimageview:2.0.0] AndroidManifest.xml:5:5-7:41
MERGED from [com.instabug.library:instabugsupport:1.7] AndroidManifest.xml:5:5-7:41
MERGED from [com.instabug.library:instabugcore:1.7] AndroidManifest.xml:5:5-7:41
MERGED from [com.squareup.leakcanary:leakcanary-android-no-op:1.3.1] AndroidManifest.xml:20:5-22:41
	android:targetSdkVersion
		ADDED from Parse-Starter-Project-1.8.0/UMMalibu/AndroidManifest.xml:9:9-38
		INJECTED from Parse-Starter-Project-1.8.0/UMMalibu/AndroidManifest.xml
		INJECTED from Parse-Starter-Project-1.8.0/UMMalibu/AndroidManifest.xml
	android:minSdkVersion
		ADDED from Parse-Starter-Project-1.8.0/UMMalibu/AndroidManifest.xml:8:9-35
		INJECTED from Parse-Starter-Project-1.8.0/UMMalibu/AndroidManifest.xml
		INJECTED from Parse-Starter-Project-1.8.0/UMMalibu/AndroidManifest.xml
permission#com.parse.ummalibu.permission.MAPS_RECEIVE
ADDED from Parse-Starter-Project-1.8.0/UMMalibu/AndroidManifest.xml:11:5-13:47
	android:protectionLevel
		ADDED from Parse-Starter-Project-1.8.0/UMMalibu/AndroidManifest.xml:13:9-44
	android:name
		ADDED from Parse-Starter-Project-1.8.0/UMMalibu/AndroidManifest.xml:12:9-66
uses-permission#com.parse.ummalibu.permission.MAPS_RECEIVE
ADDED from Parse-Starter-Project-1.8.0/UMMalibu/AndroidManifest.xml:15:5-82
	android:name
		ADDED from Parse-Starter-Project-1.8.0/UMMalibu/AndroidManifest.xml:15:22-79
uses-permission#android.permission.INTERNET
ADDED from Parse-Starter-Project-1.8.0/UMMalibu/AndroidManifest.xml:16:5-67
MERGED from [com.google.android.gms:play-services-gcm:8.1.0] AndroidManifest.xml:22:5-67
MERGED from [com.google.android.gms:play-services-maps:8.1.0] AndroidManifest.xml:21:5-66
MERGED from [com.instabug.library:instabugcore:1.7] AndroidManifest.xml:13:5-67
	android:name
		ADDED from Parse-Starter-Project-1.8.0/UMMalibu/AndroidManifest.xml:16:22-64
uses-permission#android.permission.ACCESS_NETWORK_STATE
ADDED from Parse-Starter-Project-1.8.0/UMMalibu/AndroidManifest.xml:17:5-79
MERGED from [com.google.android.gms:play-services-maps:8.1.0] AndroidManifest.xml:20:5-78
MERGED from [com.instabug.library:instabugcore:1.7] AndroidManifest.xml:9:5-79
	android:name
		ADDED from Parse-Starter-Project-1.8.0/UMMalibu/AndroidManifest.xml:17:22-76
uses-permission#android.permission.BLUETOOTH
ADDED from Parse-Starter-Project-1.8.0/UMMalibu/AndroidManifest.xml:18:5-68
	android:name
		ADDED from Parse-Starter-Project-1.8.0/UMMalibu/AndroidManifest.xml:18:22-65
uses-permission#android.permission.WRITE_EXTERNAL_STORAGE
ADDED from Parse-Starter-Project-1.8.0/UMMalibu/AndroidManifest.xml:19:5-81
MERGED from [com.google.android.gms:play-services-maps:8.1.0] AndroidManifest.xml:22:5-80
MERGED from [com.instabug.library:instabugcore:1.7] AndroidManifest.xml:10:5-81
	android:name
		ADDED from Parse-Starter-Project-1.8.0/UMMalibu/AndroidManifest.xml:19:22-78
uses-permission#android.permission.READ_PHONE_STATE
ADDED from Parse-Starter-Project-1.8.0/UMMalibu/AndroidManifest.xml:21:5-75
	android:name
		ADDED from Parse-Starter-Project-1.8.0/UMMalibu/AndroidManifest.xml:21:22-72
uses-permission#android.permission.READ_EXTERNAL_STORAGE
ADDED from Parse-Starter-Project-1.8.0/UMMalibu/AndroidManifest.xml:22:5-80
MERGED from [com.instabug.library:instabugcore:1.7] AndroidManifest.xml:11:5-80
	android:name
		ADDED from Parse-Starter-Project-1.8.0/UMMalibu/AndroidManifest.xml:22:22-77
uses-permission#android.permission.WAKE_LOCK
ADDED from Parse-Starter-Project-1.8.0/UMMalibu/AndroidManifest.xml:24:5-68
	android:name
		ADDED from Parse-Starter-Project-1.8.0/UMMalibu/AndroidManifest.xml:24:22-65
uses-permission#android.permission.RECEIVE_BOOT_COMPLETED
ADDED from Parse-Starter-Project-1.8.0/UMMalibu/AndroidManifest.xml:25:5-81
	android:name
		ADDED from Parse-Starter-Project-1.8.0/UMMalibu/AndroidManifest.xml:25:22-78
uses-permission#android.permission.VIBRATE
ADDED from Parse-Starter-Project-1.8.0/UMMalibu/AndroidManifest.xml:26:5-66
	android:name
		ADDED from Parse-Starter-Project-1.8.0/UMMalibu/AndroidManifest.xml:26:22-63
uses-permission#android.permission.GET_ACCOUNTS
ADDED from Parse-Starter-Project-1.8.0/UMMalibu/AndroidManifest.xml:27:5-71
	android:name
		ADDED from Parse-Starter-Project-1.8.0/UMMalibu/AndroidManifest.xml:27:22-68
uses-permission#com.google.android.c2dm.permission.RECEIVE
ADDED from Parse-Starter-Project-1.8.0/UMMalibu/AndroidManifest.xml:28:5-82
MERGED from [com.google.android.gms:play-services-gcm:8.1.0] AndroidManifest.xml:21:5-82
	android:name
		ADDED from Parse-Starter-Project-1.8.0/UMMalibu/AndroidManifest.xml:28:22-79
permission#com.parse.ummalibu.permission.C2D_MESSAGE
ADDED from Parse-Starter-Project-1.8.0/UMMalibu/AndroidManifest.xml:34:5-36:47
	android:protectionLevel
		ADDED from Parse-Starter-Project-1.8.0/UMMalibu/AndroidManifest.xml:36:9-44
	android:name
		ADDED from Parse-Starter-Project-1.8.0/UMMalibu/AndroidManifest.xml:35:9-65
uses-permission#com.parse.ummalibu.permission.C2D_MESSAGE
ADDED from Parse-Starter-Project-1.8.0/UMMalibu/AndroidManifest.xml:38:5-81
	android:name
		ADDED from Parse-Starter-Project-1.8.0/UMMalibu/AndroidManifest.xml:38:22-78
uses-permission#com.google.android.providers.gsf.permission.READ_GSERVICES
ADDED from Parse-Starter-Project-1.8.0/UMMalibu/AndroidManifest.xml:39:5-98
	android:name
		ADDED from Parse-Starter-Project-1.8.0/UMMalibu/AndroidManifest.xml:39:22-95
uses-permission#android.permission.ACCESS_COARSE_LOCATION
ADDED from Parse-Starter-Project-1.8.0/UMMalibu/AndroidManifest.xml:44:5-81
	android:name
		ADDED from Parse-Starter-Project-1.8.0/UMMalibu/AndroidManifest.xml:44:22-78
uses-permission#android.permission.ACCESS_FINE_LOCATION
ADDED from Parse-Starter-Project-1.8.0/UMMalibu/AndroidManifest.xml:45:5-79
	android:name
		ADDED from Parse-Starter-Project-1.8.0/UMMalibu/AndroidManifest.xml:45:22-76
uses-feature#0x00020000
ADDED from Parse-Starter-Project-1.8.0/UMMalibu/AndroidManifest.xml:47:5-49:35
MERGED from [com.google.android.gms:play-services-maps:8.1.0] AndroidManifest.xml:23:5-25:33
	android:required
		ADDED from Parse-Starter-Project-1.8.0/UMMalibu/AndroidManifest.xml:49:9-32
	android:glEsVersion
		ADDED from Parse-Starter-Project-1.8.0/UMMalibu/AndroidManifest.xml:48:9-41
application
ADDED from Parse-Starter-Project-1.8.0/UMMalibu/AndroidManifest.xml:51:5-191:19
MERGED from [com.android.support:appcompat-v7:23.1.0] AndroidManifest.xml:22:5-20
MERGED from [com.android.support:support-v4:23.1.0] AndroidManifest.xml:22:5-20
MERGED from [com.android.support:support-v4:23.1.0] AndroidManifest.xml:22:5-20
MERGED from [com.android.support:cardview-v7:23.1.0] AndroidManifest.xml:22:5-20
MERGED from [com.android.support:support-v4:23.1.0] AndroidManifest.xml:22:5-20
MERGED from [com.android.support:design:23.1.0] AndroidManifest.xml:22:5-20
MERGED from [com.android.support:appcompat-v7:23.1.0] AndroidManifest.xml:22:5-20
MERGED from [com.android.support:support-v4:23.1.0] AndroidManifest.xml:22:5-20
MERGED from [com.android.support:support-v4:23.1.0] AndroidManifest.xml:22:5-20
MERGED from [com.android.support:support-v4:23.1.0] AndroidManifest.xml:22:5-20
MERGED from [com.google.android.gms:play-services-gcm:8.1.0] AndroidManifest.xml:24:5-20
MERGED from [com.google.android.gms:play-services-basement:8.1.0] AndroidManifest.xml:20:5-24:19
MERGED from [com.android.support:support-v4:23.1.0] AndroidManifest.xml:22:5-20
MERGED from [com.google.android.gms:play-services-maps:8.1.0] AndroidManifest.xml:28:5-20
MERGED from [com.google.android.gms:play-services-basement:8.1.0] AndroidManifest.xml:20:5-24:19
MERGED from [com.android.support:support-v4:23.1.0] AndroidManifest.xml:22:5-20
MERGED from [de.hdodenhof:circleimageview:2.0.0] AndroidManifest.xml:9:5-20
MERGED from [com.instabug.library:instabugsupport:1.7] AndroidManifest.xml:9:5-10:19
MERGED from [com.instabug.library:instabugcore:1.7] AndroidManifest.xml:15:5-27:19
	android:label
		ADDED from Parse-Starter-Project-1.8.0/UMMalibu/AndroidManifest.xml:56:9-41
	android:allowBackup
		ADDED from Parse-Starter-Project-1.8.0/UMMalibu/AndroidManifest.xml:53:9-35
	android:icon
		ADDED from Parse-Starter-Project-1.8.0/UMMalibu/AndroidManifest.xml:55:9-43
	android:theme
		ADDED from Parse-Starter-Project-1.8.0/UMMalibu/AndroidManifest.xml:57:9-42
	android:hardwareAccelerated
		ADDED from Parse-Starter-Project-1.8.0/UMMalibu/AndroidManifest.xml:54:9-43
	android:name
		ADDED from Parse-Starter-Project-1.8.0/UMMalibu/AndroidManifest.xml:52:9-59
activity#com.parse.ummalibu.SermonsActivity
ADDED from Parse-Starter-Project-1.8.0/UMMalibu/AndroidManifest.xml:58:9-61:20
	android:label
		ADDED from Parse-Starter-Project-1.8.0/UMMalibu/AndroidManifest.xml:60:13-36
	android:name
		ADDED from Parse-Starter-Project-1.8.0/UMMalibu/AndroidManifest.xml:59:13-44
activity#com.parse.ummalibu.SermonDetailActivity
ADDED from Parse-Starter-Project-1.8.0/UMMalibu/AndroidManifest.xml:62:9-67:20
	android:windowSoftInputMode
		ADDED from Parse-Starter-Project-1.8.0/UMMalibu/AndroidManifest.xml:66:13-55
	android:label
		ADDED from Parse-Starter-Project-1.8.0/UMMalibu/AndroidManifest.xml:65:13-53
	android:configChanges
		ADDED from Parse-Starter-Project-1.8.0/UMMalibu/AndroidManifest.xml:64:13-59
	android:name
		ADDED from Parse-Starter-Project-1.8.0/UMMalibu/AndroidManifest.xml:63:13-67
activity#com.parse.ummalibu.MainActivity
ADDED from Parse-Starter-Project-1.8.0/UMMalibu/AndroidManifest.xml:68:9-75:20
	android:label
		ADDED from Parse-Starter-Project-1.8.0/UMMalibu/AndroidManifest.xml:70:13-56
	android:name
		ADDED from Parse-Starter-Project-1.8.0/UMMalibu/AndroidManifest.xml:69:13-59
intent-filter#android.intent.action.MAIN+android.intent.category.LAUNCHER
ADDED from Parse-Starter-Project-1.8.0/UMMalibu/AndroidManifest.xml:71:13-74:29
action#android.intent.action.MAIN
ADDED from Parse-Starter-Project-1.8.0/UMMalibu/AndroidManifest.xml:72:17-69
	android:name
		ADDED from Parse-Starter-Project-1.8.0/UMMalibu/AndroidManifest.xml:72:25-66
category#android.intent.category.LAUNCHER
ADDED from Parse-Starter-Project-1.8.0/UMMalibu/AndroidManifest.xml:73:17-77
	android:name
		ADDED from Parse-Starter-Project-1.8.0/UMMalibu/AndroidManifest.xml:73:27-74
activity#com.parse.ummalibu.WorshipActivity
ADDED from Parse-Starter-Project-1.8.0/UMMalibu/AndroidManifest.xml:76:9-81:20
	android:label
		ADDED from Parse-Starter-Project-1.8.0/UMMalibu/AndroidManifest.xml:80:13-59
	android:configChanges
		ADDED from Parse-Starter-Project-1.8.0/UMMalibu/AndroidManifest.xml:78:13-59
	android:hardwareAccelerated
		ADDED from Parse-Starter-Project-1.8.0/UMMalibu/AndroidManifest.xml:79:13-47
	android:name
		ADDED from Parse-Starter-Project-1.8.0/UMMalibu/AndroidManifest.xml:77:13-62
activity#com.parse.ummalibu.PrayerActivity
ADDED from Parse-Starter-Project-1.8.0/UMMalibu/AndroidManifest.xml:82:9-85:20
	android:label
		ADDED from Parse-Starter-Project-1.8.0/UMMalibu/AndroidManifest.xml:84:13-58
	android:name
		ADDED from Parse-Starter-Project-1.8.0/UMMalibu/AndroidManifest.xml:83:13-61
activity#com.parse.ummalibu.NewPrayerActivity
ADDED from Parse-Starter-Project-1.8.0/UMMalibu/AndroidManifest.xml:86:9-89:20
	android:label
		ADDED from Parse-Starter-Project-1.8.0/UMMalibu/AndroidManifest.xml:88:13-62
	android:name
		ADDED from Parse-Starter-Project-1.8.0/UMMalibu/AndroidManifest.xml:87:13-64
activity#com.parse.ummalibu.EventsActivity
ADDED from Parse-Starter-Project-1.8.0/UMMalibu/AndroidManifest.xml:90:9-94:20
	android:label
		ADDED from Parse-Starter-Project-1.8.0/UMMalibu/AndroidManifest.xml:93:13-58
	android:configChanges
		ADDED from Parse-Starter-Project-1.8.0/UMMalibu/AndroidManifest.xml:92:13-59
	android:name
		ADDED from Parse-Starter-Project-1.8.0/UMMalibu/AndroidManifest.xml:91:13-61
activity#com.parse.ummalibu.EventsDetailActivity
ADDED from Parse-Starter-Project-1.8.0/UMMalibu/AndroidManifest.xml:95:9-99:20
	android:label
		ADDED from Parse-Starter-Project-1.8.0/UMMalibu/AndroidManifest.xml:98:13-65
	android:configChanges
		ADDED from Parse-Starter-Project-1.8.0/UMMalibu/AndroidManifest.xml:97:13-59
	android:name
		ADDED from Parse-Starter-Project-1.8.0/UMMalibu/AndroidManifest.xml:96:13-67
service#com.parse.PushService
ADDED from Parse-Starter-Project-1.8.0/UMMalibu/AndroidManifest.xml:101:9-57
	android:name
		ADDED from Parse-Starter-Project-1.8.0/UMMalibu/AndroidManifest.xml:101:18-54
receiver#com.parse.ParseBroadcastReceiver
ADDED from Parse-Starter-Project-1.8.0/UMMalibu/AndroidManifest.xml:103:9-108:20
	android:name
		ADDED from Parse-Starter-Project-1.8.0/UMMalibu/AndroidManifest.xml:103:19-66
intent-filter#android.intent.action.BOOT_COMPLETED+android.intent.action.USER_PRESENT
ADDED from Parse-Starter-Project-1.8.0/UMMalibu/AndroidManifest.xml:104:13-107:29
action#android.intent.action.BOOT_COMPLETED
ADDED from Parse-Starter-Project-1.8.0/UMMalibu/AndroidManifest.xml:105:17-79
	android:name
		ADDED from Parse-Starter-Project-1.8.0/UMMalibu/AndroidManifest.xml:105:25-76
action#android.intent.action.USER_PRESENT
ADDED from Parse-Starter-Project-1.8.0/UMMalibu/AndroidManifest.xml:106:17-77
	android:name
		ADDED from Parse-Starter-Project-1.8.0/UMMalibu/AndroidManifest.xml:106:25-74
receiver#com.parse.GcmBroadcastReceiver
ADDED from Parse-Starter-Project-1.8.0/UMMalibu/AndroidManifest.xml:109:9-119:20
	android:permission
		ADDED from Parse-Starter-Project-1.8.0/UMMalibu/AndroidManifest.xml:111:13-73
	android:name
		ADDED from Parse-Starter-Project-1.8.0/UMMalibu/AndroidManifest.xml:110:13-58
intent-filter#com.google.android.c2dm.intent.RECEIVE+com.google.android.c2dm.intent.REGISTRATION+com.parse.ummalibu
ADDED from Parse-Starter-Project-1.8.0/UMMalibu/AndroidManifest.xml:112:13-118:29
action#com.google.android.c2dm.intent.RECEIVE
ADDED from Parse-Starter-Project-1.8.0/UMMalibu/AndroidManifest.xml:113:17-81
	android:name
		ADDED from Parse-Starter-Project-1.8.0/UMMalibu/AndroidManifest.xml:113:25-78
action#com.google.android.c2dm.intent.REGISTRATION
ADDED from Parse-Starter-Project-1.8.0/UMMalibu/AndroidManifest.xml:114:17-86
	android:name
		ADDED from Parse-Starter-Project-1.8.0/UMMalibu/AndroidManifest.xml:114:25-83
category#com.parse.ummalibu
ADDED from Parse-Starter-Project-1.8.0/UMMalibu/AndroidManifest.xml:117:17-63
	android:name
		ADDED from Parse-Starter-Project-1.8.0/UMMalibu/AndroidManifest.xml:117:27-60
receiver#com.parse.ummalibu.CustomPushBroadcastReceiver
ADDED from Parse-Starter-Project-1.8.0/UMMalibu/AndroidManifest.xml:120:9-128:20
	android:exported
		ADDED from Parse-Starter-Project-1.8.0/UMMalibu/AndroidManifest.xml:122:13-37
	android:name
		ADDED from Parse-Starter-Project-1.8.0/UMMalibu/AndroidManifest.xml:121:13-74
intent-filter#com.parse.push.intent.DELETE+com.parse.push.intent.OPEN+com.parse.push.intent.RECEIVE
ADDED from Parse-Starter-Project-1.8.0/UMMalibu/AndroidManifest.xml:123:13-127:29
action#com.parse.push.intent.RECEIVE
ADDED from Parse-Starter-Project-1.8.0/UMMalibu/AndroidManifest.xml:124:17-72
	android:name
		ADDED from Parse-Starter-Project-1.8.0/UMMalibu/AndroidManifest.xml:124:25-69
action#com.parse.push.intent.DELETE
ADDED from Parse-Starter-Project-1.8.0/UMMalibu/AndroidManifest.xml:125:17-71
	android:name
		ADDED from Parse-Starter-Project-1.8.0/UMMalibu/AndroidManifest.xml:125:25-68
action#com.parse.push.intent.OPEN
ADDED from Parse-Starter-Project-1.8.0/UMMalibu/AndroidManifest.xml:126:17-69
	android:name
		ADDED from Parse-Starter-Project-1.8.0/UMMalibu/AndroidManifest.xml:126:25-66
meta-data#com.parse.push.notification_icon
ADDED from Parse-Starter-Project-1.8.0/UMMalibu/AndroidManifest.xml:130:9-132:54
	android:resource
		ADDED from Parse-Starter-Project-1.8.0/UMMalibu/AndroidManifest.xml:132:13-51
	android:name
		ADDED from Parse-Starter-Project-1.8.0/UMMalibu/AndroidManifest.xml:131:13-60
meta-data#com.google.android.gms.version
ADDED from Parse-Starter-Project-1.8.0/UMMalibu/AndroidManifest.xml:133:9-135:69
MERGED from [com.google.android.gms:play-services-basement:8.1.0] AndroidManifest.xml:21:9-23:69
MERGED from [com.google.android.gms:play-services-basement:8.1.0] AndroidManifest.xml:21:9-23:69
	android:name
		ADDED from Parse-Starter-Project-1.8.0/UMMalibu/AndroidManifest.xml:134:13-58
	android:value
		ADDED from Parse-Starter-Project-1.8.0/UMMalibu/AndroidManifest.xml:135:13-66
meta-data#com.google.android.maps.v2.API_KEY
ADDED from Parse-Starter-Project-1.8.0/UMMalibu/AndroidManifest.xml:136:9-138:55
	android:name
		ADDED from Parse-Starter-Project-1.8.0/UMMalibu/AndroidManifest.xml:137:13-62
	android:value
		ADDED from Parse-Starter-Project-1.8.0/UMMalibu/AndroidManifest.xml:138:13-52
activity#com.parse.ummalibu.AboutUMActivity
ADDED from Parse-Starter-Project-1.8.0/UMMalibu/AndroidManifest.xml:140:9-143:20
	android:label
		ADDED from Parse-Starter-Project-1.8.0/UMMalibu/AndroidManifest.xml:142:13-60
	android:name
		ADDED from Parse-Starter-Project-1.8.0/UMMalibu/AndroidManifest.xml:141:13-62
activity#com.parse.ummalibu.CoffeeActivity
ADDED from Parse-Starter-Project-1.8.0/UMMalibu/AndroidManifest.xml:144:9-147:20
	android:label
		ADDED from Parse-Starter-Project-1.8.0/UMMalibu/AndroidManifest.xml:146:13-58
	android:name
		ADDED from Parse-Starter-Project-1.8.0/UMMalibu/AndroidManifest.xml:145:13-61
activity#com.parse.ummalibu.NotificationsListActivity
ADDED from Parse-Starter-Project-1.8.0/UMMalibu/AndroidManifest.xml:148:9-151:20
	android:label
		ADDED from Parse-Starter-Project-1.8.0/UMMalibu/AndroidManifest.xml:150:13-70
	android:name
		ADDED from Parse-Starter-Project-1.8.0/UMMalibu/AndroidManifest.xml:149:13-72
activity#com.parse.ummalibu.UmslMenuActivity
ADDED from Parse-Starter-Project-1.8.0/UMMalibu/AndroidManifest.xml:152:9-155:20
	android:label
		ADDED from Parse-Starter-Project-1.8.0/UMMalibu/AndroidManifest.xml:154:13-61
	android:name
		ADDED from Parse-Starter-Project-1.8.0/UMMalibu/AndroidManifest.xml:153:13-63
activity#com.parse.ummalibu.RequestsActivity
ADDED from Parse-Starter-Project-1.8.0/UMMalibu/AndroidManifest.xml:156:9-160:20
	android:screenOrientation
		ADDED from Parse-Starter-Project-1.8.0/UMMalibu/AndroidManifest.xml:158:13-49
	android:configChanges
		ADDED from Parse-Starter-Project-1.8.0/UMMalibu/AndroidManifest.xml:159:13-74
	android:name
		ADDED from Parse-Starter-Project-1.8.0/UMMalibu/AndroidManifest.xml:157:13-63
activity#com.parse.ummalibu.RideShareActivity
ADDED from Parse-Starter-Project-1.8.0/UMMalibu/AndroidManifest.xml:161:9-166:20
	android:windowSoftInputMode
		ADDED from Parse-Starter-Project-1.8.0/UMMalibu/AndroidManifest.xml:163:13-54
	android:screenOrientation
		ADDED from Parse-Starter-Project-1.8.0/UMMalibu/AndroidManifest.xml:164:13-49
	android:configChanges
		ADDED from Parse-Starter-Project-1.8.0/UMMalibu/AndroidManifest.xml:165:13-74
	android:name
		ADDED from Parse-Starter-Project-1.8.0/UMMalibu/AndroidManifest.xml:162:13-64
activity#com.parse.ummalibu.TripSummaryActivity
ADDED from Parse-Starter-Project-1.8.0/UMMalibu/AndroidManifest.xml:167:9-170:76
	android:screenOrientation
		ADDED from Parse-Starter-Project-1.8.0/UMMalibu/AndroidManifest.xml:169:13-49
	android:configChanges
		ADDED from Parse-Starter-Project-1.8.0/UMMalibu/AndroidManifest.xml:170:13-74
	android:name
		ADDED from Parse-Starter-Project-1.8.0/UMMalibu/AndroidManifest.xml:168:13-66
activity#com.parse.ummalibu.LocationsActivity
ADDED from Parse-Starter-Project-1.8.0/UMMalibu/AndroidManifest.xml:172:9-174:56
	android:windowSoftInputMode
		ADDED from Parse-Starter-Project-1.8.0/UMMalibu/AndroidManifest.xml:174:13-54
	android:name
		ADDED from Parse-Starter-Project-1.8.0/UMMalibu/AndroidManifest.xml:173:13-64
activity#com.parse.ummalibu.LoginActivity
ADDED from Parse-Starter-Project-1.8.0/UMMalibu/AndroidManifest.xml:176:9-179:44
	android:windowSoftInputMode
		ADDED from Parse-Starter-Project-1.8.0/UMMalibu/AndroidManifest.xml:178:13-54
	android:label
		ADDED from Parse-Starter-Project-1.8.0/UMMalibu/AndroidManifest.xml:179:13-42
	android:name
		ADDED from Parse-Starter-Project-1.8.0/UMMalibu/AndroidManifest.xml:177:13-60
activity#com.parse.ummalibu.VenmoWebViewActivity
ADDED from Parse-Starter-Project-1.8.0/UMMalibu/AndroidManifest.xml:181:9-57
	android:name
		ADDED from Parse-Starter-Project-1.8.0/UMMalibu/AndroidManifest.xml:181:19-55
activity#com.parse.ummalibu.TumblrTalksActivity
ADDED from Parse-Starter-Project-1.8.0/UMMalibu/AndroidManifest.xml:183:9-185:31
	android:label
		ADDED from Parse-Starter-Project-1.8.0/UMMalibu/AndroidManifest.xml:185:13-29
	android:name
		ADDED from Parse-Starter-Project-1.8.0/UMMalibu/AndroidManifest.xml:184:13-48
provider#com.parse.ummalibu.database.DatabaseProvider
ADDED from Parse-Starter-Project-1.8.0/UMMalibu/AndroidManifest.xml:187:9-190:76
	android:exported
		ADDED from Parse-Starter-Project-1.8.0/UMMalibu/AndroidManifest.xml:189:13-37
	android:authorities
		ADDED from Parse-Starter-Project-1.8.0/UMMalibu/AndroidManifest.xml:190:13-73
	android:name
		ADDED from Parse-Starter-Project-1.8.0/UMMalibu/AndroidManifest.xml:188:13-54
uses-permission#android.permission.ACCESS_WIFI_STATE
ADDED from [com.instabug.library:instabugcore:1.7] AndroidManifest.xml:12:5-76
	android:name
		ADDED from [com.instabug.library:instabugcore:1.7] AndroidManifest.xml:12:22-73
activity#com.instabug.library.InstabugFeedbackActivity
ADDED from [com.instabug.library:instabugcore:1.7] AndroidManifest.xml:16:9-18:55
	android:windowSoftInputMode
		ADDED from [com.instabug.library:instabugcore:1.7] AndroidManifest.xml:18:13-52
	android:name
		ADDED from [com.instabug.library:instabugcore:1.7] AndroidManifest.xml:17:13-73
service#com.instabug.library.network.UploadCacheService
ADDED from [com.instabug.library:instabugcore:1.7] AndroidManifest.xml:20:9-83
	android:name
		ADDED from [com.instabug.library:instabugcore:1.7] AndroidManifest.xml:20:18-80
receiver#com.instabug.library.network.InstabugNetworkReceiver
ADDED from [com.instabug.library:instabugcore:1.7] AndroidManifest.xml:22:9-26:20
	android:name
		ADDED from [com.instabug.library:instabugcore:1.7] AndroidManifest.xml:22:19-86
intent-filter#android.net.conn.CONNECTIVITY_CHANGE
ADDED from [com.instabug.library:instabugcore:1.7] AndroidManifest.xml:23:13-25:29
action#android.net.conn.CONNECTIVITY_CHANGE
ADDED from [com.instabug.library:instabugcore:1.7] AndroidManifest.xml:24:17-79
	android:name
		ADDED from [com.instabug.library:instabugcore:1.7] AndroidManifest.xml:24:25-76